<?xml version="1.0" encoding="UTF-8"?>
<!-- Generated by org.testng.reporters.JUnitReportReporter -->
<testsuite hostname="LAPTOP-OOJD2GM0" failures="0" tests="1" name="JenkinsIntegration.JenkinsIntegration.SecondClass" time="0.056" errors="0" timestamp="2023-08-02T10:30:22 IST" skipped="0">
  <testcase classname="JenkinsIntegration.JenkinsIntegration.SecondClass" name="SecondTest" time="0.056"/>
  <system-out/>
</testsuite> <!-- JenkinsIntegration.JenkinsIntegration.SecondClass -->
