<?xml version="1.0" encoding="UTF-8"?>
<!-- Generated by org.testng.reporters.JUnitReportReporter -->
<testsuite hostname="LAPTOP-OOJD2GM0" failures="0" tests="1" name="JenkinsIntegration.JenkinsIntegration.FisrtClass" time="0.001" errors="0" timestamp="2023-06-18T19:56:43 IST" skipped="0">
  <testcase classname="JenkinsIntegration.JenkinsIntegration.FisrtClass" name="FirstTest" time="0.001"/>
  <system-out/>
</testsuite> <!-- JenkinsIntegration.JenkinsIntegration.FisrtClass -->
